#
# There is insufficient memory for the Java Runtime Environment to continue.
# Native memory allocation (malloc) failed to allocate 32744 bytes for ChunkPool::allocate
# Possible reasons:
#   The system is out of physical RAM or swap space
#   In 32 bit mode, the process size limit was hit
# Possible solutions:
#   Reduce memory load on the system
#   Increase physical memory or swap space
#   Check if swap backing store is full
#   Use 64 bit Java on a 64 bit OS
#   Decrease Java heap size (-Xmx/-Xms)
#   Decrease number of Java threads
#   Decrease Java thread stack sizes (-Xss)
#   Set larger code cache with -XX:ReservedCodeCacheSize=
# This output file may be truncated or incomplete.
#
#  Out of Memory Error (allocation.cpp:273), pid=11188, tid=0x0000000000000efc
#
# JRE version: OpenJDK Runtime Environment (8.0_152-b02) (build 1.8.0_152-release-1024-b02)
# Java VM: OpenJDK 64-Bit Server VM (25.152-b02 mixed mode windows-amd64 compressed oops)
# Failed to write core dump. Minidumps are not enabled by default on client versions of Windows
#

---------------  T H R E A D  ---------------

Current thread (0x0000000016bc6000):  JavaThread "C2 CompilerThread0" daemon [_thread_in_native, id=3836, stack(0x0000000018230000,0x0000000018330000)]

Stack: [0x0000000018230000,0x0000000018330000]
[error occurred during error reporting (printing stack bounds), id 0xc0000005]

Native frames: (J=compiled Java code, j=interpreted, Vv=VM code, C=native code)


Current CompileTask:
C2:   6898 1280   !   4       java.util.concurrent.ConcurrentHashMap::transfer (832 bytes)


---------------  P R O C E S S  ---------------

Java Threads: ( => current thread )
  0x0000000019402800 JavaThread "Stdin handler" [_thread_blocked, id=15184, stack(0x000000001b290000,0x000000001b390000)]
  0x0000000019401000 JavaThread "Asynchronous log dispatcher for DefaultDaemonConnection: socket connection from /127.0.0.1:55297 to /127.0.0.1:55298" [_thread_blocked, id=10988, stack(0x000000001b190000,0x000000001b290000)]
  0x0000000019974000 JavaThread "Daemon worker" [_thread_in_native, id=3872, stack(0x000000001b090000,0x000000001b190000)]
  0x0000000018701000 JavaThread "Cancel handler" [_thread_blocked, id=12032, stack(0x000000001af90000,0x000000001b090000)]
  0x0000000018d80000 JavaThread "Handler for socket connection from /127.0.0.1:55297 to /127.0.0.1:55298" [_thread_in_native, id=14248, stack(0x000000001ac90000,0x000000001ad90000)]
  0x0000000019027800 JavaThread "Daemon" [_thread_blocked, id=15104, stack(0x000000001ab90000,0x000000001ac90000)]
  0x0000000018e62800 JavaThread "Daemon periodic checks" [_thread_blocked, id=12264, stack(0x000000001aa90000,0x000000001ab90000)]
  0x0000000018e0b800 JavaThread "Incoming local TCP Connector on port 55297" [_thread_in_native, id=13224, stack(0x000000001a840000,0x000000001a940000)]
  0x0000000016c1e800 JavaThread "Service Thread" daemon [_thread_blocked, id=7132, stack(0x0000000018930000,0x0000000018a30000)]
  0x0000000016bd1800 JavaThread "C1 CompilerThread2" daemon [_thread_blocked, id=10924, stack(0x0000000018430000,0x0000000018530000)]
  0x0000000016bca000 JavaThread "C2 CompilerThread1" daemon [_thread_in_native, id=5248, stack(0x0000000018330000,0x0000000018430000)]
=>0x0000000016bc6000 JavaThread "C2 CompilerThread0" daemon [_thread_in_native, id=3836, stack(0x0000000018230000,0x0000000018330000)]
  0x0000000016bc4000 JavaThread "Attach Listener" daemon [_thread_blocked, id=10824, stack(0x0000000018130000,0x0000000018230000)]
  0x0000000016bc3000 JavaThread "Signal Dispatcher" daemon [_thread_blocked, id=5820, stack(0x0000000018030000,0x0000000018130000)]
  0x0000000003248800 JavaThread "Finalizer" daemon [_thread_blocked, id=9716, stack(0x0000000017e30000,0x0000000017f30000)]
  0x0000000003243000 JavaThread "Reference Handler" daemon [_thread_blocked, id=2972, stack(0x0000000017d30000,0x0000000017e30000)]
  0x0000000003152800 JavaThread "main" [_thread_blocked, id=1372, stack(0x0000000003050000,0x0000000003150000)]

Other Threads:
  0x0000000016b85800 VMThread [stack: 0x0000000017c30000,0x0000000017d30000] [id=296]
  0x0000000018559800 WatcherThread [stack: 0x0000000018a30000,0x0000000018b30000] [id=15224]

VM state:not at safepoint (normal execution)

VM Mutex/Monitor currently owned by a thread: None

Heap:
 PSYoungGen      total 38400K, used 19111K [0x00000000e0000000, 0x00000000e2a80000, 0x0000000100000000)
  eden space 33280K, 42% used [0x00000000e0000000,0x00000000e0da9f80,0x00000000e2080000)
  from space 5120K, 99% used [0x00000000e2580000,0x00000000e2a7ff10,0x00000000e2a80000)
  to   space 5120K, 0% used [0x00000000e2080000,0x00000000e2080000,0x00000000e2580000)
 ParOldGen       total 87552K, used 468K [0x00000000a0000000, 0x00000000a5580000, 0x00000000e0000000)
  object space 87552K, 0% used [0x00000000a0000000,0x00000000a00750f8,0x00000000a5580000)
 Metaspace       used 12715K, capacity 13134K, committed 13184K, reserved 1060864K
  class space    used 1738K, capacity 1901K, committed 1920K, reserved 1048576K

Card table byte_map: [0x0000000012610000,0x0000000012920000] byte_map_base: 0x0000000012110000

Marking Bits: (ParMarkBitMap*) 0x000000005bc44970
 Begin Bits: [0x0000000012f20000, 0x0000000014720000)
 End Bits:   [0x0000000014720000, 0x0000000015f20000)

Polling page: 0x00000000012b0000

CodeCache: size=245760Kb used=4455Kb max_used=4493Kb free=241304Kb
 bounds [0x0000000003250000, 0x00000000036c0000, 0x0000000012250000]
 total_blobs=1611 nmethods=1250 adapters=275
 compilation: enabled

Compilation events (10 events):
Event: 6.710 Thread 0x0000000016bd1800 1275       1       sun.reflect.generics.visitor.Reifier::getFactory (5 bytes)
Event: 6.710 Thread 0x0000000016bd1800 nmethod 1275 0x000000000336c3d0 code [0x000000000336c520, 0x000000000336c630]
Event: 6.714 Thread 0x0000000016bd1800 1276       3       org.gradle.internal.service.RelevantMethodsBuilder::add (31 bytes)
Event: 6.715 Thread 0x0000000016bd1800 nmethod 1276 0x0000000003367e10 code [0x0000000003367fa0, 0x0000000003368428]
Event: 6.715 Thread 0x0000000016bd1800 1277       3       java.util.LinkedList$ListItr::remove (84 bytes)
Event: 6.715 Thread 0x0000000016bd1800 nmethod 1277 0x000000000336f9d0 code [0x000000000336fb80, 0x0000000003370068]
Event: 6.715 Thread 0x0000000016bca000 1278   !   4       java.lang.ClassLoader::loadClass (122 bytes)
Event: 6.733 Thread 0x0000000016bc6000 1279       4       java.lang.String::lastIndexOf (151 bytes)
Event: 6.736 Thread 0x0000000016bc6000 nmethod 1279 0x0000000003353510 code [0x0000000003353660, 0x00000000033538d8]
Event: 6.746 Thread 0x0000000016bc6000 1280   !   4       java.util.concurrent.ConcurrentHashMap::transfer (832 bytes)

GC Heap History (4 events):
Event: 2.306 GC heap before
{Heap before GC invocations=1 (full 0):
 PSYoungGen      total 38400K, used 33280K [0x00000000e0000000, 0x00000000e2a80000, 0x0000000100000000)
  eden space 33280K, 100% used [0x00000000e0000000,0x00000000e2080000,0x00000000e2080000)
  from space 5120K, 0% used [0x00000000e2580000,0x00000000e2580000,0x00000000e2a80000)
  to   space 5120K, 0% used [0x00000000e2080000,0x00000000e2080000,0x00000000e2580000)
 ParOldGen       total 87552K, used 0K [0x00000000a0000000, 0x00000000a5580000, 0x00000000e0000000)
  object space 87552K, 0% used [0x00000000a0000000,0x00000000a0000000,0x00000000a5580000)
 Metaspace       used 6881K, capacity 7048K, committed 7168K, reserved 1056768K
  class space    used 839K, capacity 909K, committed 1024K, reserved 1048576K
Event: 2.314 GC heap after
Heap after GC invocations=1 (full 0):
 PSYoungGen      total 38400K, used 4159K [0x00000000e0000000, 0x00000000e2a80000, 0x0000000100000000)
  eden space 33280K, 0% used [0x00000000e0000000,0x00000000e0000000,0x00000000e2080000)
  from space 5120K, 81% used [0x00000000e2080000,0x00000000e248fd70,0x00000000e2580000)
  to   space 5120K, 0% used [0x00000000e2580000,0x00000000e2580000,0x00000000e2a80000)
 ParOldGen       total 87552K, used 8K [0x00000000a0000000, 0x00000000a5580000, 0x00000000e0000000)
  object space 87552K, 0% used [0x00000000a0000000,0x00000000a0002000,0x00000000a5580000)
 Metaspace       used 6881K, capacity 7048K, committed 7168K, reserved 1056768K
  class space    used 839K, capacity 909K, committed 1024K, reserved 1048576K
}
Event: 6.186 GC heap before
{Heap before GC invocations=2 (full 0):
 PSYoungGen      total 38400K, used 37439K [0x00000000e0000000, 0x00000000e2a80000, 0x0000000100000000)
  eden space 33280K, 100% used [0x00000000e0000000,0x00000000e2080000,0x00000000e2080000)
  from space 5120K, 81% used [0x00000000e2080000,0x00000000e248fd70,0x00000000e2580000)
  to   space 5120K, 0% used [0x00000000e2580000,0x00000000e2580000,0x00000000e2a80000)
 ParOldGen       total 87552K, used 8K [0x00000000a0000000, 0x00000000a5580000, 0x00000000e0000000)
  object space 87552K, 0% used [0x00000000a0000000,0x00000000a0002000,0x00000000a5580000)
 Metaspace       used 11621K, capacity 11906K, committed 12160K, reserved 1060864K
  class space    used 1534K, capacity 1643K, committed 1664K, reserved 1048576K
Event: 6.194 GC heap after
Heap after GC invocations=2 (full 0):
 PSYoungGen      total 38400K, used 5119K [0x00000000e0000000, 0x00000000e2a80000, 0x0000000100000000)
  eden space 33280K, 0% used [0x00000000e0000000,0x00000000e0000000,0x00000000e2080000)
  from space 5120K, 99% used [0x00000000e2580000,0x00000000e2a7ff10,0x00000000e2a80000)
  to   space 5120K, 0% used [0x00000000e2080000,0x00000000e2080000,0x00000000e2580000)
 ParOldGen       total 87552K, used 468K [0x00000000a0000000, 0x00000000a5580000, 0x00000000e0000000)
  object space 87552K, 0% used [0x00000000a0000000,0x00000000a00750f8,0x00000000a5580000)
 Metaspace       used 11621K, capacity 11906K, committed 12160K, reserved 1060864K
  class space    used 1534K, capacity 1643K, committed 1664K, reserved 1048576K
}

Deoptimization events (10 events):
Event: 3.772 Thread 0x0000000003152800 Uncommon trap: reason=class_check action=maybe_recompile pc=0x00000000034d6274 method=java.util.HashMap.putVal(ILjava/lang/Object;Ljava/lang/Object;ZZ)Ljava/lang/Object; @ 91
Event: 3.772 Thread 0x0000000003152800 Uncommon trap: reason=unstable_if action=reinterpret pc=0x00000000034baeb4 method=java.util.HashMap.getNode(ILjava/lang/Object;)Ljava/util/HashMap$Node; @ 62
Event: 4.304 Thread 0x0000000003152800 Uncommon trap: reason=bimorphic action=maybe_recompile pc=0x000000000357d4f4 method=java.util.HashMap.putVal(ILjava/lang/Object;Ljava/lang/Object;ZZ)Ljava/lang/Object; @ 203
Event: 4.953 Thread 0x0000000003152800 Uncommon trap: reason=unstable_if action=reinterpret pc=0x0000000003505fcc method=java.io.WinNTFileSystem.normalize(Ljava/lang/String;)Ljava/lang/String; @ 128
Event: 4.953 Thread 0x0000000003152800 Uncommon trap: reason=unstable_if action=reinterpret pc=0x000000000355de58 method=java.io.WinNTFileSystem.normalize(Ljava/lang/String;II)Ljava/lang/String; @ 90
Event: 6.149 Thread 0x0000000018d80000 Uncommon trap: reason=unstable_if action=reinterpret pc=0x00000000035e87a0 method=java.util.concurrent.ConcurrentHashMap.putVal(Ljava/lang/Object;Ljava/lang/Object;Z)Ljava/lang/Object; @ 206
Event: 6.384 Thread 0x0000000019974000 Uncommon trap: reason=bimorphic action=maybe_recompile pc=0x000000000357ce54 method=java.util.HashMap.putVal(ILjava/lang/Object;Ljava/lang/Object;ZZ)Ljava/lang/Object; @ 253
Event: 6.385 Thread 0x0000000019974000 Uncommon trap: reason=bimorphic action=maybe_recompile pc=0x000000000357ce54 method=java.util.HashMap.putVal(ILjava/lang/Object;Ljava/lang/Object;ZZ)Ljava/lang/Object; @ 253
Event: 6.385 Thread 0x0000000019974000 Uncommon trap: reason=bimorphic action=maybe_recompile pc=0x000000000357ce54 method=java.util.HashMap.putVal(ILjava/lang/Object;Ljava/lang/Object;ZZ)Ljava/lang/Object; @ 253
Event: 6.444 Thread 0x0000000019974000 Uncommon trap: reason=class_check action=maybe_recompile pc=0x00000000034f6ed8 method=java.util.regex.Matcher.match(II)Z @ 86

Classes redefined (0 events):
No events

Internal exceptions (10 events):
Event: 6.228 Thread 0x0000000018d80000 Exception <a 'java/lang/NoSuchMethodError': <clinit>> (0x00000000e003a600) thrown at [D:\src\AOSP-openjdk-cygwin\jdk8u\hotspot\src\share\vm\prims\jni.cpp, line 1613]
Event: 6.229 Thread 0x0000000018d80000 Exception <a 'java/lang/NoSuchMethodError': <clinit>> (0x00000000e00430c8) thrown at [D:\src\AOSP-openjdk-cygwin\jdk8u\hotspot\src\share\vm\prims\jni.cpp, line 1613]
Event: 6.232 Thread 0x0000000018d80000 Exception <a 'java/lang/NoSuchMethodError': <clinit>> (0x00000000e0054748) thrown at [D:\src\AOSP-openjdk-cygwin\jdk8u\hotspot\src\share\vm\prims\jni.cpp, line 1613]
Event: 6.244 Thread 0x0000000018d80000 Exception <a 'java/lang/NoSuchMethodError': <clinit>> (0x00000000e00ef118) thrown at [D:\src\AOSP-openjdk-cygwin\jdk8u\hotspot\src\share\vm\prims\jni.cpp, line 1613]
Event: 6.248 Thread 0x0000000018d80000 Exception <a 'java/lang/NoSuchMethodError': <clinit>> (0x00000000e01128c0) thrown at [D:\src\AOSP-openjdk-cygwin\jdk8u\hotspot\src\share\vm\prims\jni.cpp, line 1613]
Event: 6.254 Thread 0x0000000018d80000 Exception <a 'java/lang/NoSuchMethodError': <clinit>> (0x00000000e013c980) thrown at [D:\src\AOSP-openjdk-cygwin\jdk8u\hotspot\src\share\vm\prims\jni.cpp, line 1613]
Event: 6.265 Thread 0x0000000018d80000 Exception <a 'java/lang/NoSuchMethodError': <clinit>> (0x00000000e014a520) thrown at [D:\src\AOSP-openjdk-cygwin\jdk8u\hotspot\src\share\vm\prims\jni.cpp, line 1613]
Event: 6.269 Thread 0x0000000018d80000 Exception <a 'java/lang/NoSuchMethodError': <clinit>> (0x00000000e016d160) thrown at [D:\src\AOSP-openjdk-cygwin\jdk8u\hotspot\src\share\vm\prims\jni.cpp, line 1613]
Event: 6.310 Thread 0x0000000019974000 Exception <a 'java/lang/NoSuchMethodError': <clinit>> (0x00000000e02c2a48) thrown at [D:\src\AOSP-openjdk-cygwin\jdk8u\hotspot\src\share\vm\prims\jni.cpp, line 1613]
Event: 6.311 Thread 0x0000000019974000 Exception <a 'java/lang/NoSuchMethodError': <clinit>> (0x00000000e02cacd0) thrown at [D:\src\AOSP-openjdk-cygwin\jdk8u\hotspot\src\share\vm\prims\jni.cpp, line 1613]

Events (10 events):
Event: 6.751 loading class kotlin/reflect/KMutableProperty0
Event: 6.751 loading class kotlin/reflect/KMutableProperty0 done
Event: 6.752 loading class kotlin/reflect/KMutableProperty1
Event: 6.752 loading class kotlin/reflect/KMutableProperty1 done
Event: 6.752 loading class kotlin/jvm/internal/FunctionReference
Event: 6.752 loading class kotlin/jvm/internal/FunctionReference done
Event: 6.753 loading class kotlin/jvm/internal/FunctionBase
Event: 6.753 loading class kotlin/jvm/internal/FunctionBase done
Event: 6.753 loading class kotlin/reflect/jvm/internal/KDeclarationContainerImpl
Event: 6.753 loading class kotlin/reflect/jvm/internal/KDeclarationContainerImpl done


Dynamic libraries:
0x00007ff7a2000000 - 0x00007ff7a2031000 	D:\AndroidStudio\jre\bin\java.exe
0x00007ffa988f0000 - 0x00007ffa98ad1000 	C:\WINDOWS\SYSTEM32\ntdll.dll
0x00007ffa985d0000 - 0x00007ffa98681000 	C:\WINDOWS\System32\KERNEL32.DLL
0x00007ffa956d0000 - 0x00007ffa95943000 	C:\WINDOWS\System32\KERNELBASE.dll
0x00007ffa95f10000 - 0x00007ffa95fb1000 	C:\WINDOWS\System32\ADVAPI32.dll
0x00007ffa95fc0000 - 0x00007ffa9605e000 	C:\WINDOWS\System32\msvcrt.dll
0x00007ffa96ae0000 - 0x00007ffa96b3b000 	C:\WINDOWS\System32\sechost.dll
0x00007ffa964c0000 - 0x00007ffa965e4000 	C:\WINDOWS\System32\RPCRT4.dll
0x00007ffa98730000 - 0x00007ffa988c0000 	C:\WINDOWS\System32\USER32.dll
0x00007ffa95420000 - 0x00007ffa95440000 	C:\WINDOWS\System32\win32u.dll
0x00007ffa96d50000 - 0x00007ffa96d78000 	C:\WINDOWS\System32\GDI32.dll
0x00007ffa95a00000 - 0x00007ffa95b91000 	C:\WINDOWS\System32\gdi32full.dll
0x00007ffa95630000 - 0x00007ffa956cf000 	C:\WINDOWS\System32\msvcp_win.dll
0x00007ffa95ba0000 - 0x00007ffa95c98000 	C:\WINDOWS\System32\ucrtbase.dll
0x00007ffa87de0000 - 0x00007ffa88049000 	C:\WINDOWS\WinSxS\amd64_microsoft.windows.common-controls_6595b64144ccf1df_6.0.17134.950_none_fb3da4273069d3e0\COMCTL32.dll
0x00007ffa967b0000 - 0x00007ffa96ad2000 	C:\WINDOWS\System32\combase.dll
0x00007ffa95d00000 - 0x00007ffa95d79000 	C:\WINDOWS\System32\bcryptPrimitives.dll
0x00007ffa95e70000 - 0x00007ffa95e9d000 	C:\WINDOWS\System32\IMM32.DLL
0x000000005bfd0000 - 0x000000005c0a2000 	D:\AndroidStudio\jre\jre\bin\msvcr100.dll
0x000000005b480000 - 0x000000005bcbf000 	D:\AndroidStudio\jre\jre\bin\server\jvm.dll
0x00007ffa95de0000 - 0x00007ffa95de8000 	C:\WINDOWS\System32\PSAPI.DLL
0x00007ffa867e0000 - 0x00007ffa867e9000 	C:\WINDOWS\SYSTEM32\WSOCK32.dll
0x00007ffa95ea0000 - 0x00007ffa95f0c000 	C:\WINDOWS\System32\WS2_32.dll
0x00007ffa89800000 - 0x00007ffa89823000 	C:\WINDOWS\SYSTEM32\WINMM.dll
0x00007ffa8bd00000 - 0x00007ffa8bd0a000 	C:\WINDOWS\SYSTEM32\VERSION.dll
0x00007ffa896a0000 - 0x00007ffa896ca000 	C:\WINDOWS\SYSTEM32\WINMMBASE.dll
0x00007ffa953d0000 - 0x00007ffa95419000 	C:\WINDOWS\System32\cfgmgr32.dll
0x00007ffa901d0000 - 0x00007ffa901df000 	D:\AndroidStudio\jre\jre\bin\verify.dll
0x00007ffa8f2e0000 - 0x00007ffa8f309000 	D:\AndroidStudio\jre\jre\bin\java.dll
0x00007ffa8beb0000 - 0x00007ffa8bec6000 	D:\AndroidStudio\jre\jre\bin\zip.dll
0x00007ffa96d80000 - 0x00007ffa981c0000 	C:\WINDOWS\System32\SHELL32.dll
0x00007ffa98340000 - 0x00007ffa983e9000 	C:\WINDOWS\System32\shcore.dll
0x00007ffa94cc0000 - 0x00007ffa953cd000 	C:\WINDOWS\System32\windows.storage.dll
0x00007ffa96cf0000 - 0x00007ffa96d41000 	C:\WINDOWS\System32\shlwapi.dll
0x00007ffa94c80000 - 0x00007ffa94c91000 	C:\WINDOWS\System32\kernel.appcore.dll
0x00007ffa94ca0000 - 0x00007ffa94cbf000 	C:\WINDOWS\System32\profapi.dll
0x00007ffa94c30000 - 0x00007ffa94c7c000 	C:\WINDOWS\System32\powrprof.dll
0x00007ffa94c20000 - 0x00007ffa94c2a000 	C:\WINDOWS\System32\FLTLIB.DLL
0x00007ffa8be90000 - 0x00007ffa8beaa000 	D:\AndroidStudio\jre\jre\bin\net.dll
0x00007ffa94420000 - 0x00007ffa94486000 	C:\WINDOWS\system32\mswsock.dll
0x00007ffa8a3a0000 - 0x00007ffa8a3b1000 	D:\AndroidStudio\jre\jre\bin\nio.dll
0x00007ffa892c0000 - 0x00007ffa892de000 	C:\Users\Lenovo\.gradle\native\25\windows-amd64\native-platform.dll
0x00007ffa8bf50000 - 0x00007ffa8bf5d000 	D:\AndroidStudio\jre\jre\bin\management.dll
0x00007ffa945d0000 - 0x00007ffa945e7000 	C:\WINDOWS\SYSTEM32\CRYPTSP.dll
0x00007ffa93fd0000 - 0x00007ffa94003000 	C:\WINDOWS\system32\rsaenh.dll
0x00007ffa94700000 - 0x00007ffa94725000 	C:\WINDOWS\SYSTEM32\bcrypt.dll
0x00007ffa94b30000 - 0x00007ffa94b58000 	C:\WINDOWS\SYSTEM32\USERENV.dll
0x00007ffa945f0000 - 0x00007ffa945fb000 	C:\WINDOWS\SYSTEM32\CRYPTBASE.dll
0x00007ffa94170000 - 0x00007ffa941a8000 	C:\WINDOWS\SYSTEM32\IPHLPAPI.DLL
0x00007ffa964b0000 - 0x00007ffa964b8000 	C:\WINDOWS\System32\NSI.dll
0x00007ffa8deb0000 - 0x00007ffa8dec6000 	C:\WINDOWS\SYSTEM32\dhcpcsvc6.DLL
0x00007ffa8df70000 - 0x00007ffa8df8a000 	C:\WINDOWS\SYSTEM32\dhcpcsvc.DLL

VM Arguments:
jvm_args: -Xmx1536m -Dfile.encoding=windows-1251 -Duser.country=RU -Duser.language=ru -Duser.variant 
java_command: org.gradle.launcher.daemon.bootstrap.GradleDaemon 4.4
java_class_path (initial): C:\Users\Lenovo\.gradle\wrapper\dists\gradle-4.4-all\9br9xq1tocpiv8o6njlyu5op1\gradle-4.4\lib\gradle-launcher-4.4.jar
Launcher Type: SUN_STANDARD

Environment Variables:
PATH=C:\Program Files (x86)\Common Files\Oracle\Java\javapath;C:\Windows\system32;C:\Windows;C:\Windows\System32\Wbem;C:\Windows\System32\WindowsPowerShell\v1.0\;C:\Program Files (x86)\NVIDIA Corporation\PhysX\Common;C:\Program Files (x86)\Windows Kits\8.1\Windows Performance Toolkit\;C:\Program Files\Microsoft SQL Server\110\Tools\Binn\;C:\WINDOWS\system32;C:\WINDOWS;C:\WINDOWS\System32\Wbem;C:\WINDOWS\System32\WindowsPowerShell\v1.0\;C:\WINDOWS\System32\OpenSSH\;C:\Users\Lenovo\AppData\Local\Microsoft\WindowsApps;
USERNAME=Lenovo
OS=Windows_NT
PROCESSOR_IDENTIFIER=Intel64 Family 6 Model 142 Stepping 9, GenuineIntel



---------------  S Y S T E M  ---------------

OS: Windows 10.0 , 64 bit Build 17134 (10.0.17134.753)

CPU:total 4 (initial active 4) (2 cores per cpu, 2 threads per core) family 6 model 142 stepping 9, cmov, cx8, fxsr, mmx, sse, sse2, sse3, ssse3, sse4.1, sse4.2, popcnt, avx, avx2, aes, clmul, erms, 3dnowpref, lzcnt, ht, tsc, tscinvbit, bmi1, bmi2, adx

Memory: 4k page, physical 8260324k(1139388k free), swap 11406052k(748k free)

vm_info: OpenJDK 64-Bit Server VM (25.152-b02) for windows-amd64 JRE (1.8.0_152-release-1024-b02), built by "builder" with MS VC++ 10.0 (VS2010)

time: Sun Aug 25 19:22:45 2019
elapsed time: 6 seconds (0d 0h 0m 6s)

