#
# There is insufficient memory for the Java Runtime Environment to continue.
# Native memory allocation (malloc) failed to allocate 1416976 bytes for Chunk::new
# Possible reasons:
#   The system is out of physical RAM or swap space
#   In 32 bit mode, the process size limit was hit
# Possible solutions:
#   Reduce memory load on the system
#   Increase physical memory or swap space
#   Check if swap backing store is full
#   Use 64 bit Java on a 64 bit OS
#   Decrease Java heap size (-Xmx/-Xms)
#   Decrease number of Java threads
#   Decrease Java thread stack sizes (-Xss)
#   Set larger code cache with -XX:ReservedCodeCacheSize=
# This output file may be truncated or incomplete.
#
#  Out of Memory Error (allocation.cpp:390), pid=13420, tid=0x0000000000002efc
#
# JRE version: OpenJDK Runtime Environment (8.0_152-b02) (build 1.8.0_152-release-1024-b02)
# Java VM: OpenJDK 64-Bit Server VM (25.152-b02 mixed mode windows-amd64 compressed oops)
# Failed to write core dump. Minidumps are not enabled by default on client versions of Windows
#

---------------  T H R E A D  ---------------

Current thread (0x00000000164a6800):  JavaThread "C2 CompilerThread0" daemon [_thread_in_native, id=12028, stack(0x0000000017b00000,0x0000000017c00000)]

Stack: [0x0000000017b00000,0x0000000017c00000]
[error occurred during error reporting (printing stack bounds), id 0xc0000005]

Native frames: (J=compiled Java code, j=interpreted, Vv=VM code, C=native code)


Current CompileTask:
C2:   2766 1319       4       java.net.URLClassLoader$1::run (5 bytes)


---------------  P R O C E S S  ---------------

Java Threads: ( => current thread )
  0x0000000019afb000 JavaThread "Cache worker for file hash cache (D:\AndroidProjects\PhotoGalleryChapter25-26\.gradle\4.4\fileHashes)" [_thread_blocked, id=2972, stack(0x000000001c030000,0x000000001c130000)]
  0x0000000019463000 JavaThread "File lock request listener" [_thread_in_native, id=9784, stack(0x000000001af60000,0x000000001b060000)]
  0x0000000019730000 JavaThread "Cache worker for file hash cache (C:\Users\Lenovo\.gradle\caches\4.4\fileHashes)" [_thread_blocked, id=1044, stack(0x000000001ae60000,0x000000001af60000)]
  0x00000000180dc800 JavaThread "Stdin handler" [_thread_blocked, id=2380, stack(0x000000001ab60000,0x000000001ac60000)]
  0x0000000019510000 JavaThread "Asynchronous log dispatcher for DefaultDaemonConnection: socket connection from /127.0.0.1:49445 to /127.0.0.1:49446" [_thread_blocked, id=10868, stack(0x000000001aa60000,0x000000001ab60000)]
  0x0000000019516800 JavaThread "Daemon worker" [_thread_in_Java, id=15124, stack(0x000000001a960000,0x000000001aa60000)]
  0x0000000019513000 JavaThread "Cancel handler" [_thread_blocked, id=1516, stack(0x000000001a860000,0x000000001a960000)]
  0x0000000019453000 JavaThread "Handler for socket connection from /127.0.0.1:49445 to /127.0.0.1:49446" [_thread_in_native, id=10568, stack(0x000000001a560000,0x000000001a660000)]
  0x0000000019451800 JavaThread "Daemon" [_thread_blocked, id=8304, stack(0x000000001a460000,0x000000001a560000)]
  0x0000000019309800 JavaThread "Daemon periodic checks" [_thread_blocked, id=10632, stack(0x000000001a360000,0x000000001a460000)]
  0x00000000192fe800 JavaThread "Incoming local TCP Connector on port 49445" [_thread_in_native, id=15292, stack(0x000000001a110000,0x000000001a210000)]
  0x0000000017e20800 JavaThread "Service Thread" daemon [_thread_blocked, id=12520, stack(0x0000000018200000,0x0000000018300000)]
  0x00000000164b3000 JavaThread "C1 CompilerThread2" daemon [_thread_blocked, id=14140, stack(0x0000000017d00000,0x0000000017e00000)]
  0x00000000164ac000 JavaThread "C2 CompilerThread1" daemon [_thread_in_native, id=8560, stack(0x0000000017c00000,0x0000000017d00000)]
=>0x00000000164a6800 JavaThread "C2 CompilerThread0" daemon [_thread_in_native, id=12028, stack(0x0000000017b00000,0x0000000017c00000)]
  0x00000000164a4800 JavaThread "Attach Listener" daemon [_thread_blocked, id=4568, stack(0x0000000017a00000,0x0000000017b00000)]
  0x00000000164a2800 JavaThread "Signal Dispatcher" daemon [_thread_blocked, id=11968, stack(0x0000000017900000,0x0000000017a00000)]
  0x0000000002b2c000 JavaThread "Finalizer" daemon [_thread_blocked, id=3860, stack(0x0000000017700000,0x0000000017800000)]
  0x0000000002b21000 JavaThread "Reference Handler" daemon [_thread_blocked, id=12552, stack(0x0000000017600000,0x0000000017700000)]
  0x0000000002a32800 JavaThread "main" [_thread_blocked, id=1728, stack(0x0000000002850000,0x0000000002950000)]

Other Threads:
  0x0000000016466000 VMThread [stack: 0x0000000017500000,0x0000000017600000] [id=6088]
  0x00000000164fd800 WatcherThread [stack: 0x0000000018300000,0x0000000018400000] [id=15180]

VM state:not at safepoint (normal execution)

VM Mutex/Monitor currently owned by a thread: None

Heap:
 PSYoungGen      total 38400K, used 15224K [0x00000000e0000000, 0x00000000e4b00000, 0x0000000100000000)
  eden space 33280K, 30% used [0x00000000e0000000,0x00000000e09e2da0,0x00000000e2080000)
  from space 5120K, 99% used [0x00000000e2080000,0x00000000e257b518,0x00000000e2580000)
  to   space 5120K, 0% used [0x00000000e4600000,0x00000000e4600000,0x00000000e4b00000)
 ParOldGen       total 87552K, used 2468K [0x00000000a0000000, 0x00000000a5580000, 0x00000000e0000000)
  object space 87552K, 2% used [0x00000000a0000000,0x00000000a02691c0,0x00000000a5580000)
 Metaspace       used 15595K, capacity 15954K, committed 16256K, reserved 1062912K
  class space    used 2201K, capacity 2351K, committed 2432K, reserved 1048576K

Card table byte_map: [0x0000000011ef0000,0x0000000012200000] byte_map_base: 0x00000000119f0000

Marking Bits: (ParMarkBitMap*) 0x0000000055914970
 Begin Bits: [0x0000000012800000, 0x0000000014000000)
 End Bits:   [0x0000000014000000, 0x0000000015800000)

Polling page: 0x0000000000c40000

CodeCache: size=245760Kb used=4944Kb max_used=4949Kb free=240815Kb
 bounds [0x0000000002b30000, 0x0000000003010000, 0x0000000011b30000]
 total_blobs=1809 nmethods=1436 adapters=286
 compilation: enabled

Compilation events (10 events):
Event: 2.702 Thread 0x00000000164b3000 1428       1       sun.misc.ProxyGenerator::access$800 (5 bytes)
Event: 2.702 Thread 0x00000000164b3000 nmethod 1428 0x0000000003002b50 code [0x0000000003002ca0, 0x0000000003002d90]
Event: 2.708 Thread 0x00000000164b3000 1434       3       java.util.ArrayList::isEmpty (13 bytes)
Event: 2.709 Thread 0x00000000164b3000 nmethod 1434 0x0000000003002e10 code [0x0000000003002f60, 0x0000000003003110]
Event: 2.711 Thread 0x00000000164ac000 nmethod 1417 0x0000000003006a90 code [0x0000000003006c40, 0x00000000030078f0]
Event: 2.711 Thread 0x00000000164ac000 1433   !   4       java.net.URLClassLoader$1::run (63 bytes)
Event: 2.755 Thread 0x00000000164b3000 1435       3       org.objectweb.asm.ClassWriter::get (49 bytes)
Event: 2.755 Thread 0x00000000164b3000 nmethod 1435 0x00000000030063d0 code [0x0000000003006560, 0x00000000030068e8]
Event: 2.755 Thread 0x00000000164b3000 1436       3       org.objectweb.asm.Item::set (143 bytes)
Event: 2.756 Thread 0x00000000164b3000 nmethod 1436 0x00000000030058d0 code [0x0000000003005a80, 0x0000000003006138]

GC Heap History (6 events):
Event: 0.927 GC heap before
{Heap before GC invocations=1 (full 0):
 PSYoungGen      total 38400K, used 33280K [0x00000000e0000000, 0x00000000e2a80000, 0x0000000100000000)
  eden space 33280K, 100% used [0x00000000e0000000,0x00000000e2080000,0x00000000e2080000)
  from space 5120K, 0% used [0x00000000e2580000,0x00000000e2580000,0x00000000e2a80000)
  to   space 5120K, 0% used [0x00000000e2080000,0x00000000e2080000,0x00000000e2580000)
 ParOldGen       total 87552K, used 0K [0x00000000a0000000, 0x00000000a5580000, 0x00000000e0000000)
  object space 87552K, 0% used [0x00000000a0000000,0x00000000a0000000,0x00000000a5580000)
 Metaspace       used 6881K, capacity 7048K, committed 7168K, reserved 1056768K
  class space    used 839K, capacity 909K, committed 1024K, reserved 1048576K
Event: 0.933 GC heap after
Heap after GC invocations=1 (full 0):
 PSYoungGen      total 38400K, used 4183K [0x00000000e0000000, 0x00000000e2a80000, 0x0000000100000000)
  eden space 33280K, 0% used [0x00000000e0000000,0x00000000e0000000,0x00000000e2080000)
  from space 5120K, 81% used [0x00000000e2080000,0x00000000e2495d50,0x00000000e2580000)
  to   space 5120K, 0% used [0x00000000e2580000,0x00000000e2580000,0x00000000e2a80000)
 ParOldGen       total 87552K, used 8K [0x00000000a0000000, 0x00000000a5580000, 0x00000000e0000000)
  object space 87552K, 0% used [0x00000000a0000000,0x00000000a0002000,0x00000000a5580000)
 Metaspace       used 6881K, capacity 7048K, committed 7168K, reserved 1056768K
  class space    used 839K, capacity 909K, committed 1024K, reserved 1048576K
}
Event: 2.153 GC heap before
{Heap before GC invocations=2 (full 0):
 PSYoungGen      total 38400K, used 37463K [0x00000000e0000000, 0x00000000e2a80000, 0x0000000100000000)
  eden space 33280K, 100% used [0x00000000e0000000,0x00000000e2080000,0x00000000e2080000)
  from space 5120K, 81% used [0x00000000e2080000,0x00000000e2495d50,0x00000000e2580000)
  to   space 5120K, 0% used [0x00000000e2580000,0x00000000e2580000,0x00000000e2a80000)
 ParOldGen       total 87552K, used 8K [0x00000000a0000000, 0x00000000a5580000, 0x00000000e0000000)
  object space 87552K, 0% used [0x00000000a0000000,0x00000000a0002000,0x00000000a5580000)
 Metaspace       used 11613K, capacity 11900K, committed 12160K, reserved 1060864K
  class space    used 1534K, capacity 1642K, committed 1664K, reserved 1048576K
Event: 2.161 GC heap after
Heap after GC invocations=2 (full 0):
 PSYoungGen      total 38400K, used 5103K [0x00000000e0000000, 0x00000000e2a80000, 0x0000000100000000)
  eden space 33280K, 0% used [0x00000000e0000000,0x00000000e0000000,0x00000000e2080000)
  from space 5120K, 99% used [0x00000000e2580000,0x00000000e2a7bd28,0x00000000e2a80000)
  to   space 5120K, 0% used [0x00000000e2080000,0x00000000e2080000,0x00000000e2580000)
 ParOldGen       total 87552K, used 476K [0x00000000a0000000, 0x00000000a5580000, 0x00000000e0000000)
  object space 87552K, 0% used [0x00000000a0000000,0x00000000a00770f8,0x00000000a5580000)
 Metaspace       used 11613K, capacity 11900K, committed 12160K, reserved 1060864K
  class space    used 1534K, capacity 1642K, committed 1664K, reserved 1048576K
}
Event: 2.570 GC heap before
{Heap before GC invocations=3 (full 0):
 PSYoungGen      total 38400K, used 38383K [0x00000000e0000000, 0x00000000e2a80000, 0x0000000100000000)
  eden space 33280K, 100% used [0x00000000e0000000,0x00000000e2080000,0x00000000e2080000)
  from space 5120K, 99% used [0x00000000e2580000,0x00000000e2a7bd28,0x00000000e2a80000)
  to   space 5120K, 0% used [0x00000000e2080000,0x00000000e2080000,0x00000000e2580000)
 ParOldGen       total 87552K, used 476K [0x00000000a0000000, 0x00000000a5580000, 0x00000000e0000000)
  object space 87552K, 0% used [0x00000000a0000000,0x00000000a00770f8,0x00000000a5580000)
 Metaspace       used 14441K, capacity 14802K, committed 14976K, reserved 1062912K
  class space    used 2020K, capacity 2159K, committed 2176K, reserved 1048576K
Event: 2.579 GC heap after
Heap after GC invocations=3 (full 0):
 PSYoungGen      total 38400K, used 5101K [0x00000000e0000000, 0x00000000e4b00000, 0x0000000100000000)
  eden space 33280K, 0% used [0x00000000e0000000,0x00000000e0000000,0x00000000e2080000)
  from space 5120K, 99% used [0x00000000e2080000,0x00000000e257b518,0x00000000e2580000)
  to   space 5120K, 0% used [0x00000000e4600000,0x00000000e4600000,0x00000000e4b00000)
 ParOldGen       total 87552K, used 2468K [0x00000000a0000000, 0x00000000a5580000, 0x00000000e0000000)
  object space 87552K, 2% used [0x00000000a0000000,0x00000000a02691c0,0x00000000a5580000)
 Metaspace       used 14441K, capacity 14802K, committed 14976K, reserved 1062912K
  class space    used 2020K, capacity 2159K, committed 2176K, reserved 1048576K
}

Deoptimization events (10 events):
Event: 1.550 Thread 0x0000000002a32800 Uncommon trap: reason=unstable_if action=reinterpret pc=0x0000000002e1465c method=java.io.WinNTFileSystem.normalize(Ljava/lang/String;)Ljava/lang/String; @ 128
Event: 1.550 Thread 0x0000000002a32800 Uncommon trap: reason=unstable_if action=reinterpret pc=0x0000000002e5aee4 method=java.io.WinNTFileSystem.normalize(Ljava/lang/String;II)Ljava/lang/String; @ 90
Event: 2.141 Thread 0x0000000019453000 Uncommon trap: reason=unstable_if action=reinterpret pc=0x0000000002ec5954 method=java.util.concurrent.ConcurrentHashMap.putVal(Ljava/lang/Object;Ljava/lang/Object;Z)Ljava/lang/Object; @ 206
Event: 2.230 Thread 0x0000000019516800 Uncommon trap: reason=bimorphic action=maybe_recompile pc=0x0000000002e65ab0 method=java.util.HashMap.putVal(ILjava/lang/Object;Ljava/lang/Object;ZZ)Ljava/lang/Object; @ 253
Event: 2.231 Thread 0x0000000019516800 Uncommon trap: reason=bimorphic action=maybe_recompile pc=0x0000000002e65ab0 method=java.util.HashMap.putVal(ILjava/lang/Object;Ljava/lang/Object;ZZ)Ljava/lang/Object; @ 253
Event: 2.231 Thread 0x0000000019516800 Uncommon trap: reason=bimorphic action=maybe_recompile pc=0x0000000002e65ab0 method=java.util.HashMap.putVal(ILjava/lang/Object;Ljava/lang/Object;ZZ)Ljava/lang/Object; @ 253
Event: 2.245 Thread 0x0000000019516800 Uncommon trap: reason=class_check action=maybe_recompile pc=0x0000000002dde384 method=java.util.regex.Matcher.match(II)Z @ 86
Event: 2.505 Thread 0x0000000019516800 Uncommon trap: reason=class_check action=maybe_recompile pc=0x0000000002dde384 method=java.util.regex.Matcher.match(II)Z @ 86
Event: 2.505 Thread 0x0000000019516800 Uncommon trap: reason=class_check action=maybe_recompile pc=0x0000000002dab69c method=java.util.regex.Matcher.match(II)Z @ 86
Event: 2.567 Thread 0x0000000019516800 Uncommon trap: reason=unstable_if action=reinterpret pc=0x0000000002f950f4 method=java.lang.String.lastIndexOf([CII[CIII)I @ 66

Classes redefined (0 events):
No events

Internal exceptions (10 events):
Event: 2.168 Thread 0x0000000019453000 Exception <a 'java/lang/NoSuchMethodError': <clinit>> (0x00000000e003e760) thrown at [D:\src\AOSP-openjdk-cygwin\jdk8u\hotspot\src\share\vm\prims\jni.cpp, line 1613]
Event: 2.168 Thread 0x0000000019453000 Exception <a 'java/lang/NoSuchMethodError': <clinit>> (0x00000000e0047228) thrown at [D:\src\AOSP-openjdk-cygwin\jdk8u\hotspot\src\share\vm\prims\jni.cpp, line 1613]
Event: 2.170 Thread 0x0000000019453000 Exception <a 'java/lang/NoSuchMethodError': <clinit>> (0x00000000e0058940) thrown at [D:\src\AOSP-openjdk-cygwin\jdk8u\hotspot\src\share\vm\prims\jni.cpp, line 1613]
Event: 2.180 Thread 0x0000000019453000 Exception <a 'java/lang/NoSuchMethodError': <clinit>> (0x00000000e00f3338) thrown at [D:\src\AOSP-openjdk-cygwin\jdk8u\hotspot\src\share\vm\prims\jni.cpp, line 1613]
Event: 2.184 Thread 0x0000000019453000 Exception <a 'java/lang/NoSuchMethodError': <clinit>> (0x00000000e0116b00) thrown at [D:\src\AOSP-openjdk-cygwin\jdk8u\hotspot\src\share\vm\prims\jni.cpp, line 1613]
Event: 2.191 Thread 0x0000000019453000 Exception <a 'java/lang/NoSuchMethodError': <clinit>> (0x00000000e0140bd0) thrown at [D:\src\AOSP-openjdk-cygwin\jdk8u\hotspot\src\share\vm\prims\jni.cpp, line 1613]
Event: 2.193 Thread 0x0000000019453000 Exception <a 'java/lang/NoSuchMethodError': <clinit>> (0x00000000e014e770) thrown at [D:\src\AOSP-openjdk-cygwin\jdk8u\hotspot\src\share\vm\prims\jni.cpp, line 1613]
Event: 2.197 Thread 0x0000000019453000 Exception <a 'java/lang/NoSuchMethodError': <clinit>> (0x00000000e01714b8) thrown at [D:\src\AOSP-openjdk-cygwin\jdk8u\hotspot\src\share\vm\prims\jni.cpp, line 1613]
Event: 2.221 Thread 0x0000000019516800 Exception <a 'java/lang/NoSuchMethodError': <clinit>> (0x00000000e02c3120) thrown at [D:\src\AOSP-openjdk-cygwin\jdk8u\hotspot\src\share\vm\prims\jni.cpp, line 1613]
Event: 2.222 Thread 0x0000000019516800 Exception <a 'java/lang/NoSuchMethodError': <clinit>> (0x00000000e02cb3a8) thrown at [D:\src\AOSP-openjdk-cygwin\jdk8u\hotspot\src\share\vm\prims\jni.cpp, line 1613]

Events (10 events):
Event: 2.760 loading class org/gradle/plugin/management/internal/DefaultPluginResolutionStrategy$1
Event: 2.760 loading class org/gradle/plugin/management/internal/DefaultPluginResolutionStrategy$1 done
Event: 2.761 loading class org/gradle/plugin/use/internal/DefaultPluginRequestApplicator
Event: 2.761 loading class org/gradle/plugin/use/internal/DefaultPluginRequestApplicator done
Event: 2.762 loading class org/gradle/plugin/use/resolve/internal/PluginResolutionResult
Event: 2.762 loading class org/gradle/plugin/use/resolve/internal/PluginResolutionResult done
Event: 2.763 loading class org/gradle/internal/exceptions/LocationAwareException
Event: 2.763 loading class org/gradle/internal/exceptions/LocationAwareException done
Event: 2.763 loading class org/gradle/internal/exceptions/FailureResolutionAware
Event: 2.763 loading class org/gradle/internal/exceptions/FailureResolutionAware done


Dynamic libraries:
0x00007ff7caf20000 - 0x00007ff7caf51000 	D:\AndroidStudio\jre\bin\java.exe
0x00007ff84e350000 - 0x00007ff84e531000 	C:\WINDOWS\SYSTEM32\ntdll.dll
0x00007ff84d1c0000 - 0x00007ff84d271000 	C:\WINDOWS\System32\KERNEL32.DLL
0x00007ff84aac0000 - 0x00007ff84ad33000 	C:\WINDOWS\System32\KERNELBASE.dll
0x00007ff84ba20000 - 0x00007ff84bac1000 	C:\WINDOWS\System32\ADVAPI32.dll
0x00007ff84b7e0000 - 0x00007ff84b87e000 	C:\WINDOWS\System32\msvcrt.dll
0x00007ff84d280000 - 0x00007ff84d2db000 	C:\WINDOWS\System32\sechost.dll
0x00007ff84da80000 - 0x00007ff84dba4000 	C:\WINDOWS\System32\RPCRT4.dll
0x00007ff84e160000 - 0x00007ff84e2f0000 	C:\WINDOWS\System32\USER32.dll
0x00007ff84a720000 - 0x00007ff84a740000 	C:\WINDOWS\System32\win32u.dll
0x00007ff84e2f0000 - 0x00007ff84e318000 	C:\WINDOWS\System32\GDI32.dll
0x00007ff84a920000 - 0x00007ff84aab2000 	C:\WINDOWS\System32\gdi32full.dll
0x00007ff84ae40000 - 0x00007ff84aedf000 	C:\WINDOWS\System32\msvcp_win.dll
0x00007ff84a7c0000 - 0x00007ff84a8b8000 	C:\WINDOWS\System32\ucrtbase.dll
0x00007ff842c30000 - 0x00007ff842e99000 	C:\WINDOWS\WinSxS\amd64_microsoft.windows.common-controls_6595b64144ccf1df_6.0.17134.765_none_fb42a1a930655896\COMCTL32.dll
0x00007ff84dbb0000 - 0x00007ff84ded2000 	C:\WINDOWS\System32\combase.dll
0x00007ff84a740000 - 0x00007ff84a7ba000 	C:\WINDOWS\System32\bcryptPrimitives.dll
0x00007ff84df60000 - 0x00007ff84df8d000 	C:\WINDOWS\System32\IMM32.DLL
0x0000000055070000 - 0x0000000055142000 	D:\AndroidStudio\jre\jre\bin\msvcr100.dll
0x0000000055150000 - 0x000000005598f000 	D:\AndroidStudio\jre\jre\bin\server\jvm.dll
0x00007ff84df90000 - 0x00007ff84df98000 	C:\WINDOWS\System32\PSAPI.DLL
0x00007ff836eb0000 - 0x00007ff836eb9000 	C:\WINDOWS\SYSTEM32\WSOCK32.dll
0x00007ff847420000 - 0x00007ff847443000 	C:\WINDOWS\SYSTEM32\WINMM.dll
0x00007ff8441c0000 - 0x00007ff8441ca000 	C:\WINDOWS\SYSTEM32\VERSION.dll
0x00007ff84d2e0000 - 0x00007ff84d34c000 	C:\WINDOWS\System32\WS2_32.dll
0x00007ff8473f0000 - 0x00007ff84741a000 	C:\WINDOWS\SYSTEM32\WINMMBASE.dll
0x00007ff84adf0000 - 0x00007ff84ae39000 	C:\WINDOWS\System32\cfgmgr32.dll
0x00007ff847520000 - 0x00007ff84752f000 	D:\AndroidStudio\jre\jre\bin\verify.dll
0x00007ff836b10000 - 0x00007ff836b39000 	D:\AndroidStudio\jre\jre\bin\java.dll
0x00007ff83de30000 - 0x00007ff83de46000 	D:\AndroidStudio\jre\jre\bin\zip.dll
0x00007ff84bb30000 - 0x00007ff84cf70000 	C:\WINDOWS\System32\SHELL32.dll
0x00007ff84d560000 - 0x00007ff84d609000 	C:\WINDOWS\System32\shcore.dll
0x00007ff84b0d0000 - 0x00007ff84b7dd000 	C:\WINDOWS\System32\windows.storage.dll
0x00007ff84bad0000 - 0x00007ff84bb21000 	C:\WINDOWS\System32\shlwapi.dll
0x00007ff84a700000 - 0x00007ff84a711000 	C:\WINDOWS\System32\kernel.appcore.dll
0x00007ff84a690000 - 0x00007ff84a6af000 	C:\WINDOWS\System32\profapi.dll
0x00007ff84a6b0000 - 0x00007ff84a6fc000 	C:\WINDOWS\System32\powrprof.dll
0x00007ff84a680000 - 0x00007ff84a68a000 	C:\WINDOWS\System32\FLTLIB.DLL
0x00007ff8382a0000 - 0x00007ff8382ba000 	D:\AndroidStudio\jre\jre\bin\net.dll
0x00007ff849e80000 - 0x00007ff849ee6000 	C:\WINDOWS\system32\mswsock.dll
0x00007ff836f70000 - 0x00007ff836f81000 	D:\AndroidStudio\jre\jre\bin\nio.dll
0x00007ff833790000 - 0x00007ff8337ae000 	C:\Users\Lenovo\.gradle\native\25\windows-amd64\native-platform.dll
0x00007ff846bc0000 - 0x00007ff846bcd000 	D:\AndroidStudio\jre\jre\bin\management.dll
0x00007ff84a030000 - 0x00007ff84a047000 	C:\WINDOWS\SYSTEM32\CRYPTSP.dll
0x00007ff849a60000 - 0x00007ff849a93000 	C:\WINDOWS\system32\rsaenh.dll
0x00007ff84a1c0000 - 0x00007ff84a1e5000 	C:\WINDOWS\SYSTEM32\bcrypt.dll
0x00007ff84a560000 - 0x00007ff84a588000 	C:\WINDOWS\SYSTEM32\USERENV.dll
0x00007ff84a050000 - 0x00007ff84a05b000 	C:\WINDOWS\SYSTEM32\CRYPTBASE.dll
0x00007ff849c00000 - 0x00007ff849c38000 	C:\WINDOWS\SYSTEM32\IPHLPAPI.DLL
0x00007ff84da70000 - 0x00007ff84da78000 	C:\WINDOWS\System32\NSI.dll
0x00007ff842710000 - 0x00007ff842726000 	C:\WINDOWS\SYSTEM32\dhcpcsvc6.DLL
0x00007ff8435f0000 - 0x00007ff84360a000 	C:\WINDOWS\SYSTEM32\dhcpcsvc.DLL

VM Arguments:
jvm_args: -Xmx1536m -Dfile.encoding=windows-1251 -Duser.country=RU -Duser.language=ru -Duser.variant 
java_command: org.gradle.launcher.daemon.bootstrap.GradleDaemon 4.4
java_class_path (initial): C:\Users\Lenovo\.gradle\wrapper\dists\gradle-4.4-all\9br9xq1tocpiv8o6njlyu5op1\gradle-4.4\lib\gradle-launcher-4.4.jar
Launcher Type: SUN_STANDARD

Environment Variables:
PATH=C:\Program Files (x86)\Common Files\Oracle\Java\javapath;C:\Windows\system32;C:\Windows;C:\Windows\System32\Wbem;C:\Windows\System32\WindowsPowerShell\v1.0\;C:\Program Files (x86)\NVIDIA Corporation\PhysX\Common;C:\Program Files (x86)\Windows Kits\8.1\Windows Performance Toolkit\;C:\Program Files\Microsoft SQL Server\110\Tools\Binn\;C:\WINDOWS\system32;C:\WINDOWS;C:\WINDOWS\System32\Wbem;C:\WINDOWS\System32\WindowsPowerShell\v1.0\;C:\WINDOWS\System32\OpenSSH\;C:\Users\Lenovo\AppData\Local\Microsoft\WindowsApps;
USERNAME=Lenovo
OS=Windows_NT
PROCESSOR_IDENTIFIER=Intel64 Family 6 Model 142 Stepping 9, GenuineIntel



---------------  S Y S T E M  ---------------

OS: Windows 10.0 , 64 bit Build 17134 (10.0.17134.753)

CPU:total 4 (initial active 4) (2 cores per cpu, 2 threads per core) family 6 model 142 stepping 9, cmov, cx8, fxsr, mmx, sse, sse2, sse3, ssse3, sse4.1, sse4.2, popcnt, avx, avx2, aes, clmul, erms, 3dnowpref, lzcnt, ht, tsc, tscinvbit, bmi1, bmi2, adx

Memory: 4k page, physical 8260324k(1812452k free), swap 11406052k(5592k free)

vm_info: OpenJDK 64-Bit Server VM (25.152-b02) for windows-amd64 JRE (1.8.0_152-release-1024-b02), built by "builder" with MS VC++ 10.0 (VS2010)

time: Sun Jun 16 19:16:47 2019
elapsed time: 2 seconds (0d 0h 0m 2s)

