#
# There is insufficient memory for the Java Runtime Environment to continue.
# Native memory allocation (malloc) failed to allocate 32744 bytes for ChunkPool::allocate
# Possible reasons:
#   The system is out of physical RAM or swap space
#   In 32 bit mode, the process size limit was hit
# Possible solutions:
#   Reduce memory load on the system
#   Increase physical memory or swap space
#   Check if swap backing store is full
#   Use 64 bit Java on a 64 bit OS
#   Decrease Java heap size (-Xmx/-Xms)
#   Decrease number of Java threads
#   Decrease Java thread stack sizes (-Xss)
#   Set larger code cache with -XX:ReservedCodeCacheSize=
# This output file may be truncated or incomplete.
#
#  Out of Memory Error (allocation.cpp:273), pid=13736, tid=0x0000000000000584
#
# JRE version: OpenJDK Runtime Environment (8.0_152-b02) (build 1.8.0_152-release-1024-b02)
# Java VM: OpenJDK 64-Bit Server VM (25.152-b02 mixed mode windows-amd64 compressed oops)
# Failed to write core dump. Minidumps are not enabled by default on client versions of Windows
#

---------------  T H R E A D  ---------------

Current thread (0x0000000016ba5800):  JavaThread "C2 CompilerThread0" daemon [_thread_in_native, id=1412, stack(0x0000000018210000,0x0000000018310000)]

Stack: [0x0000000018210000,0x0000000018310000]
[error occurred during error reporting (printing stack bounds), id 0xc0000005]

Native frames: (J=compiled Java code, j=interpreted, Vv=VM code, C=native code)


Current CompileTask:
C2:  49866 1314       4       java.net.URLClassLoader$1::run (5 bytes)


---------------  P R O C E S S  ---------------

Java Threads: ( => current thread )
  0x0000000019aab000 JavaThread "Cache worker for file hash cache (D:\AndroidProjects\PhotoGalleryChapter25-26\.gradle\4.4\fileHashes)" [_thread_blocked, id=1068, stack(0x000000001c970000,0x000000001ca70000)]
  0x00000000191e4800 JavaThread "File lock request listener" [_thread_in_native, id=13232, stack(0x000000001b770000,0x000000001b870000)]
  0x0000000019caa800 JavaThread "Cache worker for file hash cache (C:\Users\Lenovo\.gradle\caches\4.4\fileHashes)" [_thread_blocked, id=14108, stack(0x000000001b670000,0x000000001b770000)]
  0x0000000018f58000 JavaThread "Stdin handler" [_thread_blocked, id=2636, stack(0x000000001b370000,0x000000001b470000)]
  0x00000000186bd000 JavaThread "Asynchronous log dispatcher for DefaultDaemonConnection: socket connection from /127.0.0.1:49434 to /127.0.0.1:49435" [_thread_blocked, id=2928, stack(0x000000001b270000,0x000000001b370000)]
  0x0000000018d1b000 JavaThread "Daemon worker" [_thread_in_native, id=4160, stack(0x000000001b170000,0x000000001b270000)]
  0x000000001954a000 JavaThread "Cancel handler" [_thread_blocked, id=15060, stack(0x000000001b070000,0x000000001b170000)]
  0x00000000195b5000 JavaThread "Handler for socket connection from /127.0.0.1:49434 to /127.0.0.1:49435" [_thread_in_native, id=9564, stack(0x000000001ad70000,0x000000001ae70000)]
  0x00000000192b2000 JavaThread "Daemon" [_thread_blocked, id=1956, stack(0x000000001ac70000,0x000000001ad70000)]
  0x000000001918b000 JavaThread "Daemon periodic checks" [_thread_blocked, id=7208, stack(0x000000001ab70000,0x000000001ac70000)]
  0x0000000018e05800 JavaThread "Incoming local TCP Connector on port 49434" [_thread_in_native, id=10748, stack(0x000000001a920000,0x000000001aa20000)]
  0x0000000018540800 JavaThread "Service Thread" daemon [_thread_blocked, id=14436, stack(0x0000000018910000,0x0000000018a10000)]
  0x0000000016bba000 JavaThread "C1 CompilerThread2" daemon [_thread_blocked, id=14748, stack(0x0000000018410000,0x0000000018510000)]
  0x0000000016baa800 JavaThread "C2 CompilerThread1" daemon [_thread_in_native, id=15064, stack(0x0000000018310000,0x0000000018410000)]
=>0x0000000016ba5800 JavaThread "C2 CompilerThread0" daemon [_thread_in_native, id=1412, stack(0x0000000018210000,0x0000000018310000)]
  0x0000000016ba4000 JavaThread "Attach Listener" daemon [_thread_blocked, id=12012, stack(0x0000000018110000,0x0000000018210000)]
  0x0000000016ba1800 JavaThread "Signal Dispatcher" daemon [_thread_blocked, id=14180, stack(0x0000000018010000,0x0000000018110000)]
  0x0000000016b87000 JavaThread "Finalizer" daemon [_thread_blocked, id=1936, stack(0x0000000017e10000,0x0000000017f10000)]
  0x0000000003221000 JavaThread "Reference Handler" daemon [_thread_blocked, id=13488, stack(0x0000000017d10000,0x0000000017e10000)]
  0x0000000003132800 JavaThread "main" [_thread_blocked, id=11744, stack(0x0000000003000000,0x0000000003100000)]

Other Threads:
  0x0000000016b66000 VMThread [stack: 0x0000000017c10000,0x0000000017d10000] [id=2568]
  0x0000000016bfe800 WatcherThread [stack: 0x0000000018a10000,0x0000000018b10000] [id=6148]

VM state:not at safepoint (normal execution)

VM Mutex/Monitor currently owned by a thread: None

Heap:
 PSYoungGen      total 38400K, used 33579K [0x00000000e0000000, 0x00000000e2a80000, 0x0000000100000000)
  eden space 33280K, 85% used [0x00000000e0000000,0x00000000e1bcce68,0x00000000e2080000)
  from space 5120K, 99% used [0x00000000e2080000,0x00000000e257dd98,0x00000000e2580000)
  to   space 5120K, 0% used [0x00000000e2580000,0x00000000e2580000,0x00000000e2a80000)
 ParOldGen       total 87552K, used 2439K [0x00000000a0000000, 0x00000000a5580000, 0x00000000e0000000)
  object space 87552K, 2% used [0x00000000a0000000,0x00000000a0261ce8,0x00000000a5580000)
 Metaspace       used 17140K, capacity 17542K, committed 17792K, reserved 1064960K
  class space    used 2471K, capacity 2618K, committed 2688K, reserved 1048576K

Card table byte_map: [0x00000000125f0000,0x0000000012900000] byte_map_base: 0x00000000120f0000

Marking Bits: (ParMarkBitMap*) 0x0000000055914970
 Begin Bits: [0x0000000012f00000, 0x0000000014700000)
 End Bits:   [0x0000000014700000, 0x0000000015f00000)

Polling page: 0x00000000012d0000

CodeCache: size=245760Kb used=4550Kb max_used=4550Kb free=241209Kb
 bounds [0x0000000003230000, 0x00000000036b0000, 0x0000000012230000]
 total_blobs=1744 nmethods=1367 adapters=290
 compilation: enabled

Compilation events (10 events):
Event: 49.748 Thread 0x0000000016bba000 1509       3       java.util.HashMap$HashIterator::<init> (79 bytes)
Event: 49.748 Thread 0x0000000016bba000 nmethod 1509 0x00000000035bc6d0 code [0x00000000035bc840, 0x00000000035bcbd0]
Event: 49.749 Thread 0x0000000016bba000 1510       3       sun.reflect.ClassFileAssembler::opc_invokespecial (26 bytes)
Event: 49.749 Thread 0x0000000016bba000 nmethod 1510 0x000000000369de90 code [0x000000000369e060, 0x000000000369e5e8]
Event: 49.749 Thread 0x0000000016bba000 1511       3       sun.reflect.ClassFileAssembler::emitInt (46 bytes)
Event: 49.749 Thread 0x0000000016bba000 nmethod 1511 0x000000000369e9d0 code [0x000000000369eba0, 0x000000000369f0d8]
Event: 49.802 Thread 0x0000000016bba000 1512       3       java.net.URL::<init> (308 bytes)
Event: 49.806 Thread 0x0000000016bba000 nmethod 1512 0x000000000369f450 code [0x000000000369f8e0, 0x00000000036a28d8]
Event: 49.806 Thread 0x0000000016bba000 1513       3       java.net.Parts::<init> (87 bytes)
Event: 49.806 Thread 0x0000000016bba000 nmethod 1513 0x00000000036a3f50 code [0x00000000036a4120, 0x00000000036a4ab8]

GC Heap History (6 events):
Event: 25.243 GC heap before
{Heap before GC invocations=1 (full 0):
 PSYoungGen      total 38400K, used 33280K [0x00000000e0000000, 0x00000000e2a80000, 0x0000000100000000)
  eden space 33280K, 100% used [0x00000000e0000000,0x00000000e2080000,0x00000000e2080000)
  from space 5120K, 0% used [0x00000000e2580000,0x00000000e2580000,0x00000000e2a80000)
  to   space 5120K, 0% used [0x00000000e2080000,0x00000000e2080000,0x00000000e2580000)
 ParOldGen       total 87552K, used 0K [0x00000000a0000000, 0x00000000a5580000, 0x00000000e0000000)
  object space 87552K, 0% used [0x00000000a0000000,0x00000000a0000000,0x00000000a5580000)
 Metaspace       used 6882K, capacity 7048K, committed 7168K, reserved 1056768K
  class space    used 839K, capacity 909K, committed 1024K, reserved 1048576K
Event: 25.249 GC heap after
Heap after GC invocations=1 (full 0):
 PSYoungGen      total 38400K, used 4121K [0x00000000e0000000, 0x00000000e2a80000, 0x0000000100000000)
  eden space 33280K, 0% used [0x00000000e0000000,0x00000000e0000000,0x00000000e2080000)
  from space 5120K, 80% used [0x00000000e2080000,0x00000000e2486558,0x00000000e2580000)
  to   space 5120K, 0% used [0x00000000e2580000,0x00000000e2580000,0x00000000e2a80000)
 ParOldGen       total 87552K, used 8K [0x00000000a0000000, 0x00000000a5580000, 0x00000000e0000000)
  object space 87552K, 0% used [0x00000000a0000000,0x00000000a0002000,0x00000000a5580000)
 Metaspace       used 6882K, capacity 7048K, committed 7168K, reserved 1056768K
  class space    used 839K, capacity 909K, committed 1024K, reserved 1048576K
}
Event: 48.418 GC heap before
{Heap before GC invocations=2 (full 0):
 PSYoungGen      total 38400K, used 37401K [0x00000000e0000000, 0x00000000e2a80000, 0x0000000100000000)
  eden space 33280K, 100% used [0x00000000e0000000,0x00000000e2080000,0x00000000e2080000)
  from space 5120K, 80% used [0x00000000e2080000,0x00000000e2486558,0x00000000e2580000)
  to   space 5120K, 0% used [0x00000000e2580000,0x00000000e2580000,0x00000000e2a80000)
 ParOldGen       total 87552K, used 8K [0x00000000a0000000, 0x00000000a5580000, 0x00000000e0000000)
  object space 87552K, 0% used [0x00000000a0000000,0x00000000a0002000,0x00000000a5580000)
 Metaspace       used 11612K, capacity 11964K, committed 12160K, reserved 1060864K
  class space    used 1535K, capacity 1642K, committed 1664K, reserved 1048576K
Event: 48.427 GC heap after
Heap after GC invocations=2 (full 0):
 PSYoungGen      total 38400K, used 5115K [0x00000000e0000000, 0x00000000e2a80000, 0x0000000100000000)
  eden space 33280K, 0% used [0x00000000e0000000,0x00000000e0000000,0x00000000e2080000)
  from space 5120K, 99% used [0x00000000e2580000,0x00000000e2a7ec28,0x00000000e2a80000)
  to   space 5120K, 0% used [0x00000000e2080000,0x00000000e2080000,0x00000000e2580000)
 ParOldGen       total 87552K, used 514K [0x00000000a0000000, 0x00000000a5580000, 0x00000000e0000000)
  object space 87552K, 0% used [0x00000000a0000000,0x00000000a0080ab8,0x00000000a5580000)
 Metaspace       used 11612K, capacity 11964K, committed 12160K, reserved 1060864K
  class space    used 1535K, capacity 1642K, committed 1664K, reserved 1048576K
}
Event: 48.996 GC heap before
{Heap before GC invocations=3 (full 0):
 PSYoungGen      total 38400K, used 38395K [0x00000000e0000000, 0x00000000e2a80000, 0x0000000100000000)
  eden space 33280K, 100% used [0x00000000e0000000,0x00000000e2080000,0x00000000e2080000)
  from space 5120K, 99% used [0x00000000e2580000,0x00000000e2a7ec28,0x00000000e2a80000)
  to   space 5120K, 0% used [0x00000000e2080000,0x00000000e2080000,0x00000000e2580000)
 ParOldGen       total 87552K, used 514K [0x00000000a0000000, 0x00000000a5580000, 0x00000000e0000000)
  object space 87552K, 0% used [0x00000000a0000000,0x00000000a0080ab8,0x00000000a5580000)
 Metaspace       used 14435K, capacity 14802K, committed 14976K, reserved 1062912K
  class space    used 2022K, capacity 2159K, committed 2176K, reserved 1048576K
Event: 49.006 GC heap after
Heap after GC invocations=3 (full 0):
 PSYoungGen      total 38400K, used 5111K [0x00000000e0000000, 0x00000000e2a80000, 0x0000000100000000)
  eden space 33280K, 0% used [0x00000000e0000000,0x00000000e0000000,0x00000000e2080000)
  from space 5120K, 99% used [0x00000000e2080000,0x00000000e257dd98,0x00000000e2580000)
  to   space 5120K, 0% used [0x00000000e2580000,0x00000000e2580000,0x00000000e2a80000)
 ParOldGen       total 87552K, used 2439K [0x00000000a0000000, 0x00000000a5580000, 0x00000000e0000000)
  object space 87552K, 2% used [0x00000000a0000000,0x00000000a0261ce8,0x00000000a5580000)
 Metaspace       used 14435K, capacity 14802K, committed 14976K, reserved 1062912K
  class space    used 2022K, capacity 2159K, committed 2176K, reserved 1048576K
}

Deoptimization events (10 events):
Event: 48.406 Thread 0x00000000195b5000 Uncommon trap: reason=unstable_if action=reinterpret pc=0x00000000035bd41c method=java.util.concurrent.ConcurrentHashMap.putVal(Ljava/lang/Object;Ljava/lang/Object;Z)Ljava/lang/Object; @ 206
Event: 48.630 Thread 0x0000000018d1b000 Uncommon trap: reason=class_check action=maybe_recompile pc=0x00000000034d4258 method=java.util.regex.Matcher.match(II)Z @ 86
Event: 48.914 Thread 0x0000000018d1b000 Uncommon trap: reason=class_check action=maybe_recompile pc=0x00000000034d4258 method=java.util.regex.Matcher.match(II)Z @ 86
Event: 48.914 Thread 0x0000000018d1b000 Uncommon trap: reason=class_check action=maybe_recompile pc=0x000000000349f71c method=java.util.regex.Matcher.match(II)Z @ 86
Event: 48.995 Thread 0x0000000018d1b000 Uncommon trap: reason=unstable_if action=reinterpret pc=0x00000000033fe7b4 method=java.lang.String.lastIndexOf([CII[CIII)I @ 66
Event: 49.487 Thread 0x0000000018d1b000 Uncommon trap: reason=unstable_if action=reinterpret pc=0x00000000034ca758 method=java.io.File.getName()Ljava/lang/String; @ 16
Event: 49.699 Thread 0x0000000018d1b000 Uncommon trap: reason=bimorphic action=maybe_recompile pc=0x000000000355399c method=java.lang.ClassLoader.loadClass(Ljava/lang/String;Z)Ljava/lang/Class; @ 38
Event: 49.744 Thread 0x0000000018d1b000 Uncommon trap: reason=bimorphic action=maybe_recompile pc=0x000000000355399c method=java.lang.ClassLoader.loadClass(Ljava/lang/String;Z)Ljava/lang/Class; @ 38
Event: 49.745 Thread 0x0000000018d1b000 Uncommon trap: reason=bimorphic action=maybe_recompile pc=0x000000000355399c method=java.lang.ClassLoader.loadClass(Ljava/lang/String;Z)Ljava/lang/Class; @ 38
Event: 49.745 Thread 0x0000000018d1b000 Uncommon trap: reason=bimorphic action=maybe_recompile pc=0x000000000355399c method=java.lang.ClassLoader.loadClass(Ljava/lang/String;Z)Ljava/lang/Class; @ 38

Classes redefined (0 events):
No events

Internal exceptions (10 events):
Event: 48.542 Thread 0x00000000195b5000 Exception <a 'java/lang/NoSuchMethodError': <clinit>> (0x00000000e0140c70) thrown at [D:\src\AOSP-openjdk-cygwin\jdk8u\hotspot\src\share\vm\prims\jni.cpp, line 1613]
Event: 48.545 Thread 0x00000000195b5000 Exception <a 'java/lang/NoSuchMethodError': <clinit>> (0x00000000e014e810) thrown at [D:\src\AOSP-openjdk-cygwin\jdk8u\hotspot\src\share\vm\prims\jni.cpp, line 1613]
Event: 48.552 Thread 0x00000000195b5000 Exception <a 'java/lang/NoSuchMethodError': <clinit>> (0x00000000e0171570) thrown at [D:\src\AOSP-openjdk-cygwin\jdk8u\hotspot\src\share\vm\prims\jni.cpp, line 1613]
Event: 48.594 Thread 0x0000000018d1b000 Exception <a 'java/lang/NoSuchMethodError': <clinit>> (0x00000000e02c50d0) thrown at [D:\src\AOSP-openjdk-cygwin\jdk8u\hotspot\src\share\vm\prims\jni.cpp, line 1613]
Event: 48.595 Thread 0x0000000018d1b000 Exception <a 'java/lang/NoSuchMethodError': <clinit>> (0x00000000e02cd358) thrown at [D:\src\AOSP-openjdk-cygwin\jdk8u\hotspot\src\share\vm\prims\jni.cpp, line 1613]
Event: 49.511 Thread 0x0000000018d1b000 Exception <a 'java/lang/NoSuchMethodError': <clinit>> (0x00000000e177a010) thrown at [D:\src\AOSP-openjdk-cygwin\jdk8u\hotspot\src\share\vm\prims\jni.cpp, line 1613]
Event: 49.511 Thread 0x0000000018d1b000 Exception <a 'java/lang/NoSuchMethodError': <clinit>> (0x00000000e177c9b0) thrown at [D:\src\AOSP-openjdk-cygwin\jdk8u\hotspot\src\share\vm\prims\jni.cpp, line 1613]
Event: 49.512 Thread 0x0000000018d1b000 Exception <a 'java/lang/NoSuchMethodError': <clinit>> (0x00000000e178a020) thrown at [D:\src\AOSP-openjdk-cygwin\jdk8u\hotspot\src\share\vm\prims\jni.cpp, line 1613]
Event: 49.512 Thread 0x0000000018d1b000 Exception <a 'java/lang/NoSuchMethodError': <clinit>> (0x00000000e17957a0) thrown at [D:\src\AOSP-openjdk-cygwin\jdk8u\hotspot\src\share\vm\prims\jni.cpp, line 1613]
Event: 49.749 Thread 0x0000000018d1b000 Exception <a 'java/lang/NoSuchMethodError': <clinit>> (0x00000000e1b6b1b8) thrown at [D:\src\AOSP-openjdk-cygwin\jdk8u\hotspot\src\share\vm\prims\jni.cpp, line 1613]

Events (10 events):
Event: 49.747 loading class org/gradle/tooling/internal/consumer/connection/BuildInvocationsAdapterController
Event: 49.747 loading class org/gradle/tooling/internal/consumer/connection/BuildInvocationsAdapterController done
Event: 49.748 loading class org/gradle/tooling/BuildAction
Event: 49.748 loading class org/gradle/tooling/BuildAction done
Event: 49.748 loading class org/gradle/tooling/internal/consumer/versioning/VersionDetails
Event: 49.748 loading class org/gradle/tooling/internal/consumer/versioning/VersionDetails done
Event: 49.749 loading class org/gradle/tooling/internal/protocol/InternalBuildController
Event: 49.749 loading class org/gradle/tooling/internal/protocol/InternalBuildController done
Event: 49.749 loading class com/android/tools/idea/gradle/run/OutputBuildAction
Event: 49.749 loading class com/android/tools/idea/gradle/run/OutputBuildAction done


Dynamic libraries:
0x00007ff7caf20000 - 0x00007ff7caf51000 	D:\AndroidStudio\jre\bin\java.exe
0x00007ff84e350000 - 0x00007ff84e531000 	C:\WINDOWS\SYSTEM32\ntdll.dll
0x00007ff84d1c0000 - 0x00007ff84d271000 	C:\WINDOWS\System32\KERNEL32.DLL
0x00007ff84aac0000 - 0x00007ff84ad33000 	C:\WINDOWS\System32\KERNELBASE.dll
0x00007ff84ba20000 - 0x00007ff84bac1000 	C:\WINDOWS\System32\ADVAPI32.dll
0x00007ff84b7e0000 - 0x00007ff84b87e000 	C:\WINDOWS\System32\msvcrt.dll
0x00007ff84d280000 - 0x00007ff84d2db000 	C:\WINDOWS\System32\sechost.dll
0x00007ff84da80000 - 0x00007ff84dba4000 	C:\WINDOWS\System32\RPCRT4.dll
0x00007ff84e160000 - 0x00007ff84e2f0000 	C:\WINDOWS\System32\USER32.dll
0x00007ff84a720000 - 0x00007ff84a740000 	C:\WINDOWS\System32\win32u.dll
0x00007ff84e2f0000 - 0x00007ff84e318000 	C:\WINDOWS\System32\GDI32.dll
0x00007ff84a920000 - 0x00007ff84aab2000 	C:\WINDOWS\System32\gdi32full.dll
0x00007ff84ae40000 - 0x00007ff84aedf000 	C:\WINDOWS\System32\msvcp_win.dll
0x00007ff84a7c0000 - 0x00007ff84a8b8000 	C:\WINDOWS\System32\ucrtbase.dll
0x00007ff842c30000 - 0x00007ff842e99000 	C:\WINDOWS\WinSxS\amd64_microsoft.windows.common-controls_6595b64144ccf1df_6.0.17134.765_none_fb42a1a930655896\COMCTL32.dll
0x00007ff84dbb0000 - 0x00007ff84ded2000 	C:\WINDOWS\System32\combase.dll
0x00007ff84a740000 - 0x00007ff84a7ba000 	C:\WINDOWS\System32\bcryptPrimitives.dll
0x00007ff84df60000 - 0x00007ff84df8d000 	C:\WINDOWS\System32\IMM32.DLL
0x0000000055070000 - 0x0000000055142000 	D:\AndroidStudio\jre\jre\bin\msvcr100.dll
0x0000000055150000 - 0x000000005598f000 	D:\AndroidStudio\jre\jre\bin\server\jvm.dll
0x00007ff84df90000 - 0x00007ff84df98000 	C:\WINDOWS\System32\PSAPI.DLL
0x00007ff836eb0000 - 0x00007ff836eb9000 	C:\WINDOWS\SYSTEM32\WSOCK32.dll
0x00007ff84d2e0000 - 0x00007ff84d34c000 	C:\WINDOWS\System32\WS2_32.dll
0x00007ff847420000 - 0x00007ff847443000 	C:\WINDOWS\SYSTEM32\WINMM.dll
0x00007ff8441c0000 - 0x00007ff8441ca000 	C:\WINDOWS\SYSTEM32\VERSION.dll
0x00007ff8473f0000 - 0x00007ff84741a000 	C:\WINDOWS\SYSTEM32\WINMMBASE.dll
0x00007ff84adf0000 - 0x00007ff84ae39000 	C:\WINDOWS\System32\cfgmgr32.dll
0x00007ff847520000 - 0x00007ff84752f000 	D:\AndroidStudio\jre\jre\bin\verify.dll
0x00007ff836b10000 - 0x00007ff836b39000 	D:\AndroidStudio\jre\jre\bin\java.dll
0x00007ff83de30000 - 0x00007ff83de46000 	D:\AndroidStudio\jre\jre\bin\zip.dll
0x00007ff84bb30000 - 0x00007ff84cf70000 	C:\WINDOWS\System32\SHELL32.dll
0x00007ff84d560000 - 0x00007ff84d609000 	C:\WINDOWS\System32\shcore.dll
0x00007ff84b0d0000 - 0x00007ff84b7dd000 	C:\WINDOWS\System32\windows.storage.dll
0x00007ff84bad0000 - 0x00007ff84bb21000 	C:\WINDOWS\System32\shlwapi.dll
0x00007ff84a700000 - 0x00007ff84a711000 	C:\WINDOWS\System32\kernel.appcore.dll
0x00007ff84a690000 - 0x00007ff84a6af000 	C:\WINDOWS\System32\profapi.dll
0x00007ff84a6b0000 - 0x00007ff84a6fc000 	C:\WINDOWS\System32\powrprof.dll
0x00007ff84a680000 - 0x00007ff84a68a000 	C:\WINDOWS\System32\FLTLIB.DLL
0x00007ff8382a0000 - 0x00007ff8382ba000 	D:\AndroidStudio\jre\jre\bin\net.dll
0x00007ff849e80000 - 0x00007ff849ee6000 	C:\WINDOWS\system32\mswsock.dll
0x00007ff836f70000 - 0x00007ff836f81000 	D:\AndroidStudio\jre\jre\bin\nio.dll
0x00007ff833790000 - 0x00007ff8337ae000 	C:\Users\Lenovo\.gradle\native\25\windows-amd64\native-platform.dll
0x00007ff846bc0000 - 0x00007ff846bcd000 	D:\AndroidStudio\jre\jre\bin\management.dll
0x00007ff84a030000 - 0x00007ff84a047000 	C:\WINDOWS\SYSTEM32\CRYPTSP.dll
0x00007ff849a60000 - 0x00007ff849a93000 	C:\WINDOWS\system32\rsaenh.dll
0x00007ff84a1c0000 - 0x00007ff84a1e5000 	C:\WINDOWS\SYSTEM32\bcrypt.dll
0x00007ff84a560000 - 0x00007ff84a588000 	C:\WINDOWS\SYSTEM32\USERENV.dll
0x00007ff84a050000 - 0x00007ff84a05b000 	C:\WINDOWS\SYSTEM32\CRYPTBASE.dll
0x00007ff849c00000 - 0x00007ff849c38000 	C:\WINDOWS\SYSTEM32\IPHLPAPI.DLL
0x00007ff84da70000 - 0x00007ff84da78000 	C:\WINDOWS\System32\NSI.dll
0x00007ff842710000 - 0x00007ff842726000 	C:\WINDOWS\SYSTEM32\dhcpcsvc6.DLL
0x00007ff8435f0000 - 0x00007ff84360a000 	C:\WINDOWS\SYSTEM32\dhcpcsvc.DLL

VM Arguments:
jvm_args: -Xmx1536m -Dfile.encoding=windows-1251 -Duser.country=RU -Duser.language=ru -Duser.variant 
java_command: org.gradle.launcher.daemon.bootstrap.GradleDaemon 4.4
java_class_path (initial): C:\Users\Lenovo\.gradle\wrapper\dists\gradle-4.4-all\9br9xq1tocpiv8o6njlyu5op1\gradle-4.4\lib\gradle-launcher-4.4.jar
Launcher Type: SUN_STANDARD

Environment Variables:
PATH=C:\Program Files (x86)\Common Files\Oracle\Java\javapath;C:\Windows\system32;C:\Windows;C:\Windows\System32\Wbem;C:\Windows\System32\WindowsPowerShell\v1.0\;C:\Program Files (x86)\NVIDIA Corporation\PhysX\Common;C:\Program Files (x86)\Windows Kits\8.1\Windows Performance Toolkit\;C:\Program Files\Microsoft SQL Server\110\Tools\Binn\;C:\WINDOWS\system32;C:\WINDOWS;C:\WINDOWS\System32\Wbem;C:\WINDOWS\System32\WindowsPowerShell\v1.0\;C:\WINDOWS\System32\OpenSSH\;C:\Users\Lenovo\AppData\Local\Microsoft\WindowsApps;
USERNAME=Lenovo
OS=Windows_NT
PROCESSOR_IDENTIFIER=Intel64 Family 6 Model 142 Stepping 9, GenuineIntel



---------------  S Y S T E M  ---------------

OS: Windows 10.0 , 64 bit Build 17134 (10.0.17134.753)

CPU:total 4 (initial active 4) (2 cores per cpu, 2 threads per core) family 6 model 142 stepping 9, cmov, cx8, fxsr, mmx, sse, sse2, sse3, ssse3, sse4.1, sse4.2, popcnt, avx, avx2, aes, clmul, erms, 3dnowpref, lzcnt, ht, tsc, tscinvbit, bmi1, bmi2, adx

Memory: 4k page, physical 8260324k(1773840k free), swap 11406052k(5972k free)

vm_info: OpenJDK 64-Bit Server VM (25.152-b02) for windows-amd64 JRE (1.8.0_152-release-1024-b02), built by "builder" with MS VC++ 10.0 (VS2010)

time: Sun Jun 16 19:16:29 2019
elapsed time: 49 seconds (0d 0h 0m 49s)

